{"name": "Login to uni CRM with valid Parameters -- @1.2 ", "status": "broken", "statusDetails": {"message": "selenium.common.exceptions.NoSuchWindowException: Message: no such window: target window already closed\nfrom unknown error: web view not found\n  (Session info: chrome=109.0.5414.120)\nStacktrace:\nBacktrace:\n\t(No symbol) [0x00726643]\n\t(No symbol) [0x006BBE21]\n\t(No symbol) [0x005BDA9D]\n\t(No symbol) [0x0059EF6A]\n\t(No symbol) [0x00613AAB]\n\t(No symbol) [0x006261B6]\n\t(No symbol) [0x0060FB76]\n\t(No symbol) [0x005E49C1]\n\t(No symbol) [0x005E5E5D]\n\tGetHandleVerifier [0x0099A142+2497106]\n\tGetHandleVerifier [0x009C85D3+2686691]\n\tGetHandleVerifier [0x009CBB9C+2700460]\n\tGetHandleVerifier [0x007D3B10+635936]\n\t(No symbol) [0x006C4A1F]\n\t(No symbol) [0x006CA418]\n\t(No symbol) [0x006CA505]\n\t(No symbol) [0x006D508B]\n\tBaseThreadInitThunk [0x75417D69+25]\n\tRtlInitializeExceptionChain [0x7740BB9B+107]\n\tRtlClearBits [0x7740BB1F+191]\n\n", "trace": "  File \"C:\\Automation\\Lib\\site-packages\\behave\\model.py\", line 1329, in run\n    match.run(runner.context)\n  File \"C:\\Automation\\Lib\\site-packages\\behave\\matchers.py\", line 98, in run\n    self.func(context, *args, **kwargs)\n  File \"features\\steps\\unidirectlogo.py\", line 25, in step_impl\n    context.wait.until(EC.presence_of_element_located((By.ID, \"user\"))).send_keys(user)\n    ^^^^^^^^^^^^^^^^^^^^^^^^^^^^^^^^^^^^^^^^^^^^^^^^^^^^^^^^^^^^^^^^^^^\n  File \"C:\\Automation\\Lib\\site-packages\\selenium\\webdriver\\support\\wait.py\", line 86, in until\n    value = method(self._driver)\n            ^^^^^^^^^^^^^^^^^^^^\n  File \"C:\\Automation\\Lib\\site-packages\\selenium\\webdriver\\support\\expected_conditions.py\", line 64, in _predicate\n    return driver.find_element(*locator)\n           ^^^^^^^^^^^^^^^^^^^^^^^^^^^^^\n  File \"C:\\Automation\\Lib\\site-packages\\selenium\\webdriver\\remote\\webdriver.py\", line 861, in find_element\n    return self.execute(Command.FIND_ELEMENT, {\"using\": by, \"value\": value})[\"value\"]\n           ^^^^^^^^^^^^^^^^^^^^^^^^^^^^^^^^^^^^^^^^^^^^^^^^^^^^^^^^^^^^^^^^^\n  File \"C:\\Automation\\Lib\\site-packages\\selenium\\webdriver\\remote\\webdriver.py\", line 444, in execute\n    self.error_handler.check_response(response)\n  File \"C:\\Automation\\Lib\\site-packages\\selenium\\webdriver\\remote\\errorhandler.py\", line 249, in check_response\n    raise exception_class(message, screen, stacktrace)\n"}, "steps": [{"name": "Given I launch chrome browser", "status": "passed", "start": 1675507809788, "stop": 1675507811037}, {"name": "When I open the uni CRM Signin page", "status": "passed", "start": 1675507811038, "stop": 1675507812881}, {"name": "And Enter the username \"rioraj@gmail.com\" and password \"12345\"", "status": "broken", "statusDetails": {"message": "selenium.common.exceptions.NoSuchWindowException: Message: no such window: target window already closed\nfrom unknown error: web view not found\n  (Session info: chrome=109.0.5414.120)\nStacktrace:\nBacktrace:\n\t(No symbol) [0x00726643]\n\t(No symbol) [0x006BBE21]\n\t(No symbol) [0x005BDA9D]\n\t(No symbol) [0x0059EF6A]\n\t(No symbol) [0x00613AAB]\n\t(No symbol) [0x006261B6]\n\t(No symbol) [0x0060FB76]\n\t(No symbol) [0x005E49C1]\n\t(No symbol) [0x005E5E5D]\n\tGetHandleVerifier [0x0099A142+2497106]\n\tGetHandleVerifier [0x009C85D3+2686691]\n\tGetHandleVerifier [0x009CBB9C+2700460]\n\tGetHandleVerifier [0x007D3B10+635936]\n\t(No symbol) [0x006C4A1F]\n\t(No symbol) [0x006CA418]\n\t(No symbol) [0x006CA505]\n\t(No symbol) [0x006D508B]\n\tBaseThreadInitThunk [0x75417D69+25]\n\tRtlInitializeExceptionChain [0x7740BB9B+107]\n\tRtlClearBits [0x7740BB1F+191]\n\n", "trace": "  File \"C:\\Automation\\Lib\\site-packages\\behave\\model.py\", line 1329, in run\n    match.run(runner.context)\n  File \"C:\\Automation\\Lib\\site-packages\\behave\\matchers.py\", line 98, in run\n    self.func(context, *args, **kwargs)\n  File \"features\\steps\\unidirectlogo.py\", line 25, in step_impl\n    context.wait.until(EC.presence_of_element_located((By.ID, \"user\"))).send_keys(user)\n    ^^^^^^^^^^^^^^^^^^^^^^^^^^^^^^^^^^^^^^^^^^^^^^^^^^^^^^^^^^^^^^^^^^^\n  File \"C:\\Automation\\Lib\\site-packages\\selenium\\webdriver\\support\\wait.py\", line 86, in until\n    value = method(self._driver)\n            ^^^^^^^^^^^^^^^^^^^^\n  File \"C:\\Automation\\Lib\\site-packages\\selenium\\webdriver\\support\\expected_conditions.py\", line 64, in _predicate\n    return driver.find_element(*locator)\n           ^^^^^^^^^^^^^^^^^^^^^^^^^^^^^\n  File \"C:\\Automation\\Lib\\site-packages\\selenium\\webdriver\\remote\\webdriver.py\", line 861, in find_element\n    return self.execute(Command.FIND_ELEMENT, {\"using\": by, \"value\": value})[\"value\"]\n           ^^^^^^^^^^^^^^^^^^^^^^^^^^^^^^^^^^^^^^^^^^^^^^^^^^^^^^^^^^^^^^^^^\n  File \"C:\\Automation\\Lib\\site-packages\\selenium\\webdriver\\remote\\webdriver.py\", line 444, in execute\n    self.error_handler.check_response(response)\n  File \"C:\\Automation\\Lib\\site-packages\\selenium\\webdriver\\remote\\errorhandler.py\", line 249, in check_response\n    raise exception_class(message, screen, stacktrace)\n"}, "start": 1675507812883, "stop": 1675507812886}, {"name": "And Click the login button", "status": "skipped", "start": 1675507812888, "stop": 1675507812888}, {"name": "Then user must login into the dashboard page successfully", "status": "skipped", "start": 1675507812889, "stop": 1675507812889}], "parameters": [{"name": "user", "value": "rioraj@gmail.com"}, {"name": "password", "value": "12345"}], "start": 1675507809787, "stop": 1675507812889, "uuid": "cdf2deda-1b34-4c12-8aca-b7535ab411ad", "historyId": "5d1bcbd5a7f0d1c5180a1f636f9470e8", "fullName": "Uni login: Login to uni CRM with valid Parameters", "labels": [{"name": "severity", "value": "normal"}, {"name": "feature", "value": "Uni login"}, {"name": "framework", "value": "behave"}, {"name": "language", "value": "cpython3"}]}